This is pdfTeX, Version 3.141592653-2.6-1.40.27 (MiKTeX 25.4) (preloaded format=pdflatex 2025.8.14)  1 SEP 2025 14:43
entering extended mode
 restricted \write18 enabled.
 %&-line parsing enabled.
**./Latex_TerceraParte.tex
(Latex_TerceraParte.tex
LaTeX2e <2025-06-01> patch level 1
L3 programming layer <2025-07-20>
(C:\Users\MCarrilloL\AppData\Roaming\MiKTeX\tex/latex/beamer\beamer.cls
Document Class: beamer 2025/08/04 v3.75 A class for typesetting presentations

(C:\Users\MCarrilloL\AppData\Roaming\MiKTeX\tex/latex/beamer\beamerbasemodes.st
y (C:\Program Files\MiKTeX\tex/latex/etoolbox\etoolbox.sty
Package: etoolbox 2025/02/11 v2.5l e-TeX tools for LaTeX (JAW)
\etb@tempcnta=\count275
)
\beamer@tempbox=\box53
\beamer@tempcount=\count276
\c@beamerpauses=\count277

(C:\Users\MCarrilloL\AppData\Roaming\MiKTeX\tex/latex/beamer\beamerbasedecode.s
ty
\beamer@slideinframe=\count278
\beamer@minimum=\count279
\beamer@decode@box=\box54
)
\beamer@commentbox=\box55
\beamer@modecount=\count280
) (C:\Program Files\MiKTeX\tex/generic/iftex\iftex.sty
Package: iftex 2024/12/12 v1.0g TeX engine tests
)
\headdp=\dimen148
\footheight=\dimen149
\sidebarheight=\dimen150
\beamer@tempdim=\dimen151
\beamer@finalheight=\dimen152
\beamer@animht=\dimen153
\beamer@animdp=\dimen154
\beamer@animwd=\dimen155
\beamer@leftmargin=\dimen156
\beamer@rightmargin=\dimen157
\beamer@leftsidebar=\dimen158
\beamer@rightsidebar=\dimen159
\beamer@boxsize=\dimen160
\beamer@vboxoffset=\dimen161
\beamer@descdefault=\dimen162
\beamer@descriptionwidth=\dimen163
\beamer@lastskip=\skip49
\beamer@areabox=\box56
\beamer@animcurrent=\box57
\beamer@animshowbox=\box58
\beamer@sectionbox=\box59
\beamer@logobox=\box60
\beamer@linebox=\box61
\beamer@sectioncount=\count281
\beamer@subsubsectionmax=\count282
\beamer@subsectionmax=\count283
\beamer@sectionmax=\count284
\beamer@totalheads=\count285
\beamer@headcounter=\count286
\beamer@partstartpage=\count287
\beamer@sectionstartpage=\count288
\beamer@subsectionstartpage=\count289
\beamer@animationtempa=\count290
\beamer@animationtempb=\count291
\beamer@xpos=\count292
\beamer@ypos=\count293
\beamer@ypos@offset=\count294
\beamer@showpartnumber=\count295
\beamer@currentsubsection=\count296
\beamer@coveringdepth=\count297
\beamer@sectionadjust=\count298
\beamer@toclastsection=\count299
\beamer@tocsectionnumber=\count300

(C:\Users\MCarrilloL\AppData\Roaming\MiKTeX\tex/latex/beamer\beamerbaseoptions.
sty (C:\Program Files\MiKTeX\tex/latex/graphics\keyval.sty
Package: keyval 2022/05/29 v1.15 key=value parser (DPC)
\KV@toks@=\toks17
))
\beamer@paperwidth=\skip50
\beamer@paperheight=\skip51

(C:\Users\MCarrilloL\AppData\Roaming\MiKTeX\tex/latex/geometry\geometry.sty
Package: geometry 2020/01/02 v5.9 Page Geometry

(C:\Program Files\MiKTeX\tex/generic/iftex\ifvtex.sty
Package: ifvtex 2019/10/25 v1.7 ifvtex legacy package. Use iftex instead.
)
\Gm@cnth=\count301
\Gm@cntv=\count302
\c@Gm@tempcnt=\count303
\Gm@bindingoffset=\dimen164
\Gm@wd@mp=\dimen165
\Gm@odd@mp=\dimen166
\Gm@even@mp=\dimen167
\Gm@layoutwidth=\dimen168
\Gm@layoutheight=\dimen169
\Gm@layouthoffset=\dimen170
\Gm@layoutvoffset=\dimen171
\Gm@dimlist=\toks18

(C:\Users\MCarrilloL\AppData\Roaming\MiKTeX\tex/latex/geometry\geometry.cfg))
(C:\Program Files\MiKTeX\tex/latex/pgf/math\pgfmath.sty
(C:\Program Files\MiKTeX\tex/latex/pgf/utilities\pgfrcs.sty
(C:\Program Files\MiKTeX\tex/generic/pgf/utilities\pgfutil-common.tex
\pgfutil@everybye=\toks19
\pgfutil@tempdima=\dimen172
\pgfutil@tempdimb=\dimen173
)
(C:\Program Files\MiKTeX\tex/generic/pgf/utilities\pgfutil-latex.def
\pgfutil@abb=\box62
)
(C:\Program Files\MiKTeX\tex/generic/pgf/utilities\pgfrcs.code.tex
(C:\Program Files\MiKTeX\tex/generic/pgf\pgf.revision.tex)
Package: pgfrcs 2023-01-15 v3.1.10 (3.1.10)
))
(C:\Program Files\MiKTeX\tex/latex/pgf/utilities\pgfkeys.sty
(C:\Program Files\MiKTeX\tex/generic/pgf/utilities\pgfkeys.code.tex
\pgfkeys@pathtoks=\toks20
\pgfkeys@temptoks=\toks21

(C:\Program Files\MiKTeX\tex/generic/pgf/utilities\pgfkeyslibraryfiltered.code.
tex
\pgfkeys@tmptoks=\toks22
))) (C:\Program Files\MiKTeX\tex/generic/pgf/math\pgfmath.code.tex
(C:\Program Files\MiKTeX\tex/generic/pgf/math\pgfmathutil.code.tex
\pgf@x=\dimen174
\pgf@xa=\dimen175
\pgf@xb=\dimen176
\pgf@xc=\dimen177
\pgf@y=\dimen178
\pgf@ya=\dimen179
\pgf@yb=\dimen180
\pgf@yc=\dimen181
\c@pgf@counta=\count304
\c@pgf@countb=\count305
\c@pgf@countc=\count306
\c@pgf@countd=\count307
)
(C:\Program Files\MiKTeX\tex/generic/pgf/math\pgfmathparser.code.tex
\pgfmath@dimen=\dimen182
\pgfmath@count=\count308
\pgfmath@box=\box63
\pgfmath@toks=\toks23
\pgfmath@stack@operand=\toks24
\pgfmath@stack@operation=\toks25
)
(C:\Program Files\MiKTeX\tex/generic/pgf/math\pgfmathfunctions.code.tex)
(C:\Program Files\MiKTeX\tex/generic/pgf/math\pgfmathfunctions.basic.code.tex)
(C:\Program Files\MiKTeX\tex/generic/pgf/math\pgfmathfunctions.trigonometric.co
de.tex)
(C:\Program Files\MiKTeX\tex/generic/pgf/math\pgfmathfunctions.random.code.tex)

(C:\Program Files\MiKTeX\tex/generic/pgf/math\pgfmathfunctions.comparison.code.
tex)
(C:\Program Files\MiKTeX\tex/generic/pgf/math\pgfmathfunctions.base.code.tex)
(C:\Program Files\MiKTeX\tex/generic/pgf/math\pgfmathfunctions.round.code.tex)
(C:\Program Files\MiKTeX\tex/generic/pgf/math\pgfmathfunctions.misc.code.tex)
(C:\Program Files\MiKTeX\tex/generic/pgf/math\pgfmathfunctions.integerarithmeti
cs.code.tex) (C:\Program Files\MiKTeX\tex/generic/pgf/math\pgfmathcalc.code.tex
) (C:\Program Files\MiKTeX\tex/generic/pgf/math\pgfmathfloat.code.tex
\c@pgfmathroundto@lastzeros=\count309
)))
(C:\Program Files\MiKTeX\tex/latex/base\size10.clo
File: size10.clo 2025/01/22 v1.4n Standard LaTeX file (size option)
)
(C:\Program Files\MiKTeX\tex/latex/pgf/basiclayer\pgfcore.sty
(C:\Program Files\MiKTeX\tex/latex/graphics\graphicx.sty
Package: graphicx 2024/12/31 v1.2e Enhanced LaTeX Graphics (DPC,SPQR)

(C:\Program Files\MiKTeX\tex/latex/graphics\graphics.sty
Package: graphics 2024/08/06 v1.4g Standard LaTeX Graphics (DPC,SPQR)

(C:\Program Files\MiKTeX\tex/latex/graphics\trig.sty
Package: trig 2023/12/02 v1.11 sin cos tan (DPC)
)
(C:\Program Files\MiKTeX\tex/latex/graphics-cfg\graphics.cfg
File: graphics.cfg 2016/06/04 v1.11 sample graphics configuration
)
Package graphics Info: Driver file: pdftex.def on input line 106.

(C:\Program Files\MiKTeX\tex/latex/graphics-def\pdftex.def
File: pdftex.def 2024/04/13 v1.2c Graphics/color driver for pdftex
))
\Gin@req@height=\dimen183
\Gin@req@width=\dimen184
)
(C:\Program Files\MiKTeX\tex/latex/pgf/systemlayer\pgfsys.sty
(C:\Program Files\MiKTeX\tex/generic/pgf/systemlayer\pgfsys.code.tex
Package: pgfsys 2023-01-15 v3.1.10 (3.1.10)
\pgf@x=\dimen185
\pgf@y=\dimen186
\pgf@xa=\dimen187
\pgf@ya=\dimen188
\pgf@xb=\dimen189
\pgf@yb=\dimen190
\pgf@xc=\dimen191
\pgf@yc=\dimen192
\pgf@xd=\dimen193
\pgf@yd=\dimen194
\w@pgf@writea=\write3
\r@pgf@reada=\read2
\c@pgf@counta=\count310
\c@pgf@countb=\count311
\c@pgf@countc=\count312
\c@pgf@countd=\count313
\t@pgf@toka=\toks26
\t@pgf@tokb=\toks27
\t@pgf@tokc=\toks28
\pgf@sys@id@count=\count314

(C:\Program Files\MiKTeX\tex/generic/pgf/systemlayer\pgf.cfg
File: pgf.cfg 2023-01-15 v3.1.10 (3.1.10)
)
Driver file for pgf: pgfsys-pdftex.def

(C:\Program Files\MiKTeX\tex/generic/pgf/systemlayer\pgfsys-pdftex.def
File: pgfsys-pdftex.def 2023-01-15 v3.1.10 (3.1.10)

(C:\Program Files\MiKTeX\tex/generic/pgf/systemlayer\pgfsys-common-pdf.def
File: pgfsys-common-pdf.def 2023-01-15 v3.1.10 (3.1.10)
)))
(C:\Program Files\MiKTeX\tex/generic/pgf/systemlayer\pgfsyssoftpath.code.tex
File: pgfsyssoftpath.code.tex 2023-01-15 v3.1.10 (3.1.10)
\pgfsyssoftpath@smallbuffer@items=\count315
\pgfsyssoftpath@bigbuffer@items=\count316
)
(C:\Program Files\MiKTeX\tex/generic/pgf/systemlayer\pgfsysprotocol.code.tex
File: pgfsysprotocol.code.tex 2023-01-15 v3.1.10 (3.1.10)
))
(C:\Program Files\MiKTeX\tex/latex/xcolor\xcolor.sty
Package: xcolor 2024/09/29 v3.02 LaTeX color extensions (UK)

(C:\Program Files\MiKTeX\tex/latex/graphics-cfg\color.cfg
File: color.cfg 2016/01/02 v1.6 sample color configuration
)
Package xcolor Info: Driver file: pdftex.def on input line 274.

(C:\Program Files\MiKTeX\tex/latex/graphics\mathcolor.ltx)
Package xcolor Info: Model `cmy' substituted by `cmy0' on input line 1349.
Package xcolor Info: Model `hsb' substituted by `rgb' on input line 1353.
Package xcolor Info: Model `RGB' extended on input line 1365.
Package xcolor Info: Model `HTML' substituted by `rgb' on input line 1367.
Package xcolor Info: Model `Hsb' substituted by `hsb' on input line 1368.
Package xcolor Info: Model `tHsb' substituted by `hsb' on input line 1369.
Package xcolor Info: Model `HSB' substituted by `hsb' on input line 1370.
Package xcolor Info: Model `Gray' substituted by `gray' on input line 1371.
Package xcolor Info: Model `wave' substituted by `hsb' on input line 1372.
)
(C:\Program Files\MiKTeX\tex/generic/pgf/basiclayer\pgfcore.code.tex
Package: pgfcore 2023-01-15 v3.1.10 (3.1.10)

(C:\Program Files\MiKTeX\tex/generic/pgf/math\pgfint.code.tex)
(C:\Program Files\MiKTeX\tex/generic/pgf/basiclayer\pgfcorepoints.code.tex
File: pgfcorepoints.code.tex 2023-01-15 v3.1.10 (3.1.10)
\pgf@picminx=\dimen195
\pgf@picmaxx=\dimen196
\pgf@picminy=\dimen197
\pgf@picmaxy=\dimen198
\pgf@pathminx=\dimen199
\pgf@pathmaxx=\dimen256
\pgf@pathminy=\dimen257
\pgf@pathmaxy=\dimen258
\pgf@xx=\dimen259
\pgf@xy=\dimen260
\pgf@yx=\dimen261
\pgf@yy=\dimen262
\pgf@zx=\dimen263
\pgf@zy=\dimen264
)
(C:\Program Files\MiKTeX\tex/generic/pgf/basiclayer\pgfcorepathconstruct.code.t
ex
File: pgfcorepathconstruct.code.tex 2023-01-15 v3.1.10 (3.1.10)
\pgf@path@lastx=\dimen265
\pgf@path@lasty=\dimen266
)
(C:\Program Files\MiKTeX\tex/generic/pgf/basiclayer\pgfcorepathusage.code.tex
File: pgfcorepathusage.code.tex 2023-01-15 v3.1.10 (3.1.10)
\pgf@shorten@end@additional=\dimen267
\pgf@shorten@start@additional=\dimen268
)
(C:\Program Files\MiKTeX\tex/generic/pgf/basiclayer\pgfcorescopes.code.tex
File: pgfcorescopes.code.tex 2023-01-15 v3.1.10 (3.1.10)
\pgfpic=\box64
\pgf@hbox=\box65
\pgf@layerbox@main=\box66
\pgf@picture@serial@count=\count317
)
(C:\Program Files\MiKTeX\tex/generic/pgf/basiclayer\pgfcoregraphicstate.code.te
x
File: pgfcoregraphicstate.code.tex 2023-01-15 v3.1.10 (3.1.10)
\pgflinewidth=\dimen269
)
(C:\Program Files\MiKTeX\tex/generic/pgf/basiclayer\pgfcoretransformations.code
.tex
File: pgfcoretransformations.code.tex 2023-01-15 v3.1.10 (3.1.10)
\pgf@pt@x=\dimen270
\pgf@pt@y=\dimen271
\pgf@pt@temp=\dimen272
) (C:\Program Files\MiKTeX\tex/generic/pgf/basiclayer\pgfcorequick.code.tex
File: pgfcorequick.code.tex 2023-01-15 v3.1.10 (3.1.10)
) (C:\Program Files\MiKTeX\tex/generic/pgf/basiclayer\pgfcoreobjects.code.tex
File: pgfcoreobjects.code.tex 2023-01-15 v3.1.10 (3.1.10)
)
(C:\Program Files\MiKTeX\tex/generic/pgf/basiclayer\pgfcorepathprocessing.code.
tex
File: pgfcorepathprocessing.code.tex 2023-01-15 v3.1.10 (3.1.10)
) (C:\Program Files\MiKTeX\tex/generic/pgf/basiclayer\pgfcorearrows.code.tex
File: pgfcorearrows.code.tex 2023-01-15 v3.1.10 (3.1.10)
\pgfarrowsep=\dimen273
) (C:\Program Files\MiKTeX\tex/generic/pgf/basiclayer\pgfcoreshade.code.tex
File: pgfcoreshade.code.tex 2023-01-15 v3.1.10 (3.1.10)
\pgf@max=\dimen274
\pgf@sys@shading@range@num=\count318
\pgf@shadingcount=\count319
)
(C:\Program Files\MiKTeX\tex/generic/pgf/basiclayer\pgfcoreimage.code.tex
File: pgfcoreimage.code.tex 2023-01-15 v3.1.10 (3.1.10)
)
(C:\Program Files\MiKTeX\tex/generic/pgf/basiclayer\pgfcoreexternal.code.tex
File: pgfcoreexternal.code.tex 2023-01-15 v3.1.10 (3.1.10)
\pgfexternal@startupbox=\box67
)
(C:\Program Files\MiKTeX\tex/generic/pgf/basiclayer\pgfcorelayers.code.tex
File: pgfcorelayers.code.tex 2023-01-15 v3.1.10 (3.1.10)
)
(C:\Program Files\MiKTeX\tex/generic/pgf/basiclayer\pgfcoretransparency.code.te
x
File: pgfcoretransparency.code.tex 2023-01-15 v3.1.10 (3.1.10)
) (C:\Program Files\MiKTeX\tex/generic/pgf/basiclayer\pgfcorepatterns.code.tex
File: pgfcorepatterns.code.tex 2023-01-15 v3.1.10 (3.1.10)
) (C:\Program Files\MiKTeX\tex/generic/pgf/basiclayer\pgfcorerdf.code.tex
File: pgfcorerdf.code.tex 2023-01-15 v3.1.10 (3.1.10)
)))
(C:\Program Files\MiKTeX\tex/latex/pgf/utilities\xxcolor.sty
Package: xxcolor 2003/10/24 ver 0.1
\XC@nummixins=\count320
\XC@countmixins=\count321
)
(C:\Program Files\MiKTeX\tex/latex/base\atbegshi-ltx.sty
Package: atbegshi-ltx 2021/01/10 v1.0c Emulation of the original atbegshi
package with kernel methods
)
(C:\Program Files\MiKTeX\tex/latex/hyperref\hyperref.sty
Package: hyperref 2025-07-12 v7.01o Hypertext links for LaTeX

(C:\Users\MCarrilloL\AppData\Roaming\MiKTeX\tex/latex/kvsetkeys\kvsetkeys.sty
Package: kvsetkeys 2022-10-05 v1.19 Key value parser (HO)
)
(C:\Users\MCarrilloL\AppData\Roaming\MiKTeX\tex/generic/kvdefinekeys\kvdefineke
ys.sty
Package: kvdefinekeys 2019-12-19 v1.6 Define keys (HO)
)
(C:\Users\MCarrilloL\AppData\Roaming\MiKTeX\tex/generic/pdfescape\pdfescape.sty
Package: pdfescape 2019/12/09 v1.15 Implements pdfTeX's escape features (HO)
(C:\Users\MCarrilloL\AppData\Roaming\MiKTeX\tex/generic/ltxcmds\ltxcmds.sty
Package: ltxcmds 2023-12-04 v1.26 LaTeX kernel commands for general use (HO)
)
(C:\Program Files\MiKTeX\tex/generic/pdftexcmds\pdftexcmds.sty
Package: pdftexcmds 2020-06-27 v0.33 Utility functions of pdfTeX for LuaTeX (HO
)

(C:\Users\MCarrilloL\AppData\Roaming\MiKTeX\tex/generic/infwarerr\infwarerr.sty
Package: infwarerr 2019/12/03 v1.5 Providing info/warning/error messages (HO)
)
Package pdftexcmds Info: \pdf@primitive is available.
Package pdftexcmds Info: \pdf@ifprimitive is available.
Package pdftexcmds Info: \pdfdraftmode found.
)) (C:\Users\MCarrilloL\AppData\Roaming\MiKTeX\tex/latex/hycolor\hycolor.sty
Package: hycolor 2020-01-27 v1.10 Color options for hyperref/bookmark (HO)
)
(C:\Program Files\MiKTeX\tex/latex/hyperref\nameref.sty
Package: nameref 2025-06-21 v2.57 Cross-referencing by name of section

(C:\Users\MCarrilloL\AppData\Roaming\MiKTeX\tex/latex/refcount\refcount.sty
Package: refcount 2019/12/15 v3.6 Data extraction from label references (HO)
)
(C:\Users\MCarrilloL\AppData\Roaming\MiKTeX\tex/generic/gettitlestring\gettitle
string.sty
Package: gettitlestring 2019/12/15 v1.6 Cleanup title references (HO)

(C:\Users\MCarrilloL\AppData\Roaming\MiKTeX\tex/latex/kvoptions\kvoptions.sty
Package: kvoptions 2022-06-15 v3.15 Key value format for package options (HO)
))
\c@section@level=\count322
)
(C:\Users\MCarrilloL\AppData\Roaming\MiKTeX\tex/generic/stringenc\stringenc.sty
Package: stringenc 2019/11/29 v1.12 Convert strings between diff. encodings (HO
)
)
\@linkdim=\dimen275
\Hy@linkcounter=\count323
\Hy@pagecounter=\count324
 (C:\Program Files\MiKTeX\tex/latex/hyperref\pd1enc.def
File: pd1enc.def 2025-07-12 v7.01o Hyperref: PDFDocEncoding definition (HO)
Now handling font encoding PD1 ...
... no UTF-8 mapping file for font encoding PD1
)
(C:\Users\MCarrilloL\AppData\Roaming\MiKTeX\tex/generic/intcalc\intcalc.sty
Package: intcalc 2019/12/15 v1.3 Expandable calculations with integers (HO)
)
\Hy@SavedSpaceFactor=\count325

(C:\Program Files\MiKTeX\tex/latex/hyperref\puenc.def
File: puenc.def 2025-07-12 v7.01o Hyperref: PDF Unicode definition (HO)
Now handling font encoding PU ...
... no UTF-8 mapping file for font encoding PU
)
Package hyperref Info: Option `bookmarks' set `true' on input line 4066.
Package hyperref Info: Option `bookmarksopen' set `true' on input line 4066.
Package hyperref Info: Option `implicit' set `false' on input line 4066.
Package hyperref Info: Hyper figures OFF on input line 4195.
Package hyperref Info: Link nesting OFF on input line 4200.
Package hyperref Info: Hyper index ON on input line 4203.
Package hyperref Info: Plain pages OFF on input line 4210.
Package hyperref Info: Backreferencing OFF on input line 4215.
Package hyperref Info: Implicit mode OFF; no redefinition of LaTeX internals.
Package hyperref Info: Bookmarks ON on input line 4462.
\c@Hy@tempcnt=\count326

(C:\Program Files\MiKTeX\tex/latex/url\url.sty
\Urlmuskip=\muskip17
Package: url 2013/09/16  ver 3.4  Verb mode for urls, etc.
)
LaTeX Info: Redefining \url on input line 4801.
\XeTeXLinkMargin=\dimen276

(C:\Users\MCarrilloL\AppData\Roaming\MiKTeX\tex/generic/bitset\bitset.sty
Package: bitset 2019/12/09 v1.3 Handle bit-vector datatype (HO)

(C:\Users\MCarrilloL\AppData\Roaming\MiKTeX\tex/generic/bigintcalc\bigintcalc.s
ty
Package: bigintcalc 2019/12/15 v1.5 Expandable calculations on big integers (HO
)
))
\Fld@menulength=\count327
\Field@Width=\dimen277
\Fld@charsize=\dimen278
Package hyperref Info: Hyper figures OFF on input line 6078.
Package hyperref Info: Link nesting OFF on input line 6083.
Package hyperref Info: Hyper index ON on input line 6086.
Package hyperref Info: backreferencing OFF on input line 6093.
Package hyperref Info: Link coloring OFF on input line 6098.
Package hyperref Info: Link coloring with OCG OFF on input line 6103.
Package hyperref Info: PDF/A mode OFF on input line 6108.
\Hy@abspage=\count328


Package hyperref Message: Stopped early.

)
Package hyperref Info: Driver (autodetected): hpdftex.
 (C:\Program Files\MiKTeX\tex/latex/hyperref\hpdftex.def
File: hpdftex.def 2025-07-12 v7.01o Hyperref driver for pdfTeX
\Fld@listcount=\count329
\c@bookmark@seq@number=\count330

(C:\Users\MCarrilloL\AppData\Roaming\MiKTeX\tex/latex/rerunfilecheck\rerunfilec
heck.sty
Package: rerunfilecheck 2025-06-21 v1.11 Rerun checks for auxiliary files (HO)

(C:\Users\MCarrilloL\AppData\Roaming\MiKTeX\tex/generic/uniquecounter\uniquecou
nter.sty
Package: uniquecounter 2019/12/15 v1.4 Provide unlimited unique counter (HO)
)
Package uniquecounter Info: New unique counter `rerunfilecheck' on input line 2
84.
))
(C:\Users\MCarrilloL\AppData\Roaming\MiKTeX\tex/latex/beamer\beamerbaserequires
.sty
(C:\Users\MCarrilloL\AppData\Roaming\MiKTeX\tex/latex/beamer\beamerbasecompatib
ility.sty)
(C:\Users\MCarrilloL\AppData\Roaming\MiKTeX\tex/latex/beamer\beamerbasefont.sty
(C:\Program Files\MiKTeX\tex/latex/amsfonts\amssymb.sty
Package: amssymb 2013/01/14 v3.01 AMS font symbols

(C:\Program Files\MiKTeX\tex/latex/amsfonts\amsfonts.sty
Package: amsfonts 2013/01/14 v3.01 Basic AMSFonts support
\@emptytoks=\toks29
\symAMSa=\mathgroup4
\symAMSb=\mathgroup5
LaTeX Font Info:    Redeclaring math symbol \hbar on input line 98.
LaTeX Font Info:    Overwriting math alphabet `\mathfrak' in version `bold'
(Font)                  U/euf/m/n --> U/euf/b/n on input line 106.
))
(C:\Users\MCarrilloL\AppData\Roaming\MiKTeX\tex/latex/sansmathaccent\sansmathac
cent.sty
Package: sansmathaccent 2020/01/31

(C:\Users\MCarrilloL\AppData\Roaming\MiKTeX\tex/latex/koma-script\scrlfile.sty
Package: scrlfile 2025/06/04 v3.45 KOMA-Script package (file load hooks)

(C:\Users\MCarrilloL\AppData\Roaming\MiKTeX\tex/latex/koma-script\scrlfile-hook
.sty
Package: scrlfile-hook 2025/06/04 v3.45 KOMA-Script package (using LaTeX hooks)


(C:\Users\MCarrilloL\AppData\Roaming\MiKTeX\tex/latex/koma-script\scrlogo.sty
Package: scrlogo 2025/06/04 v3.45 KOMA-Script package (logo)
)))))
(C:\Users\MCarrilloL\AppData\Roaming\MiKTeX\tex/latex/beamer\beamerbasetranslat
or.sty
(C:\Users\MCarrilloL\AppData\Roaming\MiKTeX\tex/latex/translator\translator.sty
Package: translator 2021-05-31 v1.12d Easy translation of strings in LaTeX
))
(C:\Users\MCarrilloL\AppData\Roaming\MiKTeX\tex/latex/beamer\beamerbasemisc.sty
)
(C:\Users\MCarrilloL\AppData\Roaming\MiKTeX\tex/latex/beamer\beamerbasetwoscree
ns.sty)
(C:\Users\MCarrilloL\AppData\Roaming\MiKTeX\tex/latex/beamer\beamerbaseoverlay.
sty
\beamer@argscount=\count331
\beamer@lastskipcover=\skip52
\beamer@trivlistdepth=\count332
)
(C:\Users\MCarrilloL\AppData\Roaming\MiKTeX\tex/latex/beamer\beamerbasetitle.st
y)
(C:\Users\MCarrilloL\AppData\Roaming\MiKTeX\tex/latex/beamer\beamerbasesection.
sty
\c@lecture=\count333
\c@part=\count334
\c@section=\count335
\c@subsection=\count336
\c@subsubsection=\count337
)
(C:\Users\MCarrilloL\AppData\Roaming\MiKTeX\tex/latex/beamer\beamerbaseframe.st
y
\beamer@framebox=\box68
\beamer@frametitlebox=\box69
\beamer@zoombox=\box70
\beamer@zoomcount=\count338
\beamer@zoomframecount=\count339
\beamer@frametextheight=\dimen279
\c@subsectionslide=\count340
\beamer@frametopskip=\skip53
\beamer@framebottomskip=\skip54
\beamer@frametopskipautobreak=\skip55
\beamer@framebottomskipautobreak=\skip56
\beamer@envbody=\toks30
\framewidth=\dimen280
\c@framenumber=\count341
)
(C:\Users\MCarrilloL\AppData\Roaming\MiKTeX\tex/latex/beamer\beamerbaseverbatim
.sty
\beamer@verbatimfileout=\write4
)
(C:\Users\MCarrilloL\AppData\Roaming\MiKTeX\tex/latex/beamer\beamerbaseframesiz
e.sty
\beamer@splitbox=\box71
\beamer@autobreakcount=\count342
\beamer@autobreaklastheight=\dimen281
\beamer@frametitletoks=\toks31
\beamer@framesubtitletoks=\toks32
)
(C:\Users\MCarrilloL\AppData\Roaming\MiKTeX\tex/latex/beamer\beamerbaseframecom
ponents.sty
\beamer@colheight=\skip57
\beamer@footins=\box72
)
(C:\Users\MCarrilloL\AppData\Roaming\MiKTeX\tex/latex/beamer\beamerbasecolor.st
y)
(C:\Users\MCarrilloL\AppData\Roaming\MiKTeX\tex/latex/beamer\beamerbasenotes.st
y
\beamer@frameboxcopy=\box73
)
(C:\Users\MCarrilloL\AppData\Roaming\MiKTeX\tex/latex/beamer\beamerbasetoc.sty)

(C:\Users\MCarrilloL\AppData\Roaming\MiKTeX\tex/latex/beamer\beamerbasetemplate
s.sty
\beamer@sbttoks=\toks33

(C:\Users\MCarrilloL\AppData\Roaming\MiKTeX\tex/latex/beamer\beamerbaseauxtempl
ates.sty
(C:\Users\MCarrilloL\AppData\Roaming\MiKTeX\tex/latex/beamer\beamerbaseboxes.st
y
\bmb@box=\box74
\bmb@colorbox=\box75
\bmb@boxwidth=\dimen282
\bmb@boxheight=\dimen283
\bmb@prevheight=\dimen284
\bmb@temp=\dimen285
\bmb@dima=\dimen286
\bmb@dimb=\dimen287
\bmb@prevheight=\dimen288
)
\beamer@blockheadheight=\dimen289
))
(C:\Users\MCarrilloL\AppData\Roaming\MiKTeX\tex/latex/beamer\beamerbaselocalstr
ucture.sty (C:\Program Files\MiKTeX\tex/latex/tools\enumerate.sty
Package: enumerate 2023/07/04 v3.00 enumerate extensions (DPC)
\@enLab=\toks34
)
\beamer@bibiconwidth=\skip58
\c@figure=\count343
\c@table=\count344
\abovecaptionskip=\skip59
\belowcaptionskip=\skip60
)
(C:\Users\MCarrilloL\AppData\Roaming\MiKTeX\tex/latex/beamer\beamerbasenavigati
on.sty
(C:\Users\MCarrilloL\AppData\Roaming\MiKTeX\tex/latex/beamer\beamerbasenavigati
onsymbols.tex)
\beamer@section@min@dim=\dimen290
)
(C:\Users\MCarrilloL\AppData\Roaming\MiKTeX\tex/latex/beamer\beamerbasetheorems
.sty (C:\Program Files\MiKTeX\tex/latex/amsmath\amsmath.sty
Package: amsmath 2025/06/16 v2.17y AMS math features
\@mathmargin=\skip61

For additional information on amsmath, use the `?' option.
(C:\Program Files\MiKTeX\tex/latex/amsmath\amstext.sty
Package: amstext 2024/11/17 v2.01 AMS text

(C:\Program Files\MiKTeX\tex/latex/amsmath\amsgen.sty
File: amsgen.sty 1999/11/30 v2.0 generic functions
\@emptytoks=\toks35
\ex@=\dimen291
))
(C:\Program Files\MiKTeX\tex/latex/amsmath\amsbsy.sty
Package: amsbsy 1999/11/29 v1.2d Bold Symbols
\pmbraise@=\dimen292
)
(C:\Program Files\MiKTeX\tex/latex/amsmath\amsopn.sty
Package: amsopn 2022/04/08 v2.04 operator names
)
\inf@bad=\count345
LaTeX Info: Redefining \frac on input line 233.
\uproot@=\count346
\leftroot@=\count347
LaTeX Info: Redefining \overline on input line 398.
LaTeX Info: Redefining \colon on input line 409.
\classnum@=\count348
\DOTSCASE@=\count349
LaTeX Info: Redefining \ldots on input line 495.
LaTeX Info: Redefining \dots on input line 498.
LaTeX Info: Redefining \cdots on input line 619.
\Mathstrutbox@=\box76
\strutbox@=\box77
LaTeX Info: Redefining \big on input line 721.
LaTeX Info: Redefining \Big on input line 722.
LaTeX Info: Redefining \bigg on input line 723.
LaTeX Info: Redefining \Bigg on input line 724.
\big@size=\dimen293
LaTeX Font Info:    Redeclaring font encoding OML on input line 742.
LaTeX Font Info:    Redeclaring font encoding OMS on input line 743.
\macc@depth=\count350
LaTeX Info: Redefining \bmod on input line 904.
LaTeX Info: Redefining \pmod on input line 909.
LaTeX Info: Redefining \smash on input line 939.
LaTeX Info: Redefining \relbar on input line 969.
LaTeX Info: Redefining \Relbar on input line 970.
\c@MaxMatrixCols=\count351
\dotsspace@=\muskip18
\c@parentequation=\count352
\dspbrk@lvl=\count353
\tag@help=\toks36
\row@=\count354
\column@=\count355
\maxfields@=\count356
\andhelp@=\toks37
\eqnshift@=\dimen294
\alignsep@=\dimen295
\tagshift@=\dimen296
\tagwidth@=\dimen297
\totwidth@=\dimen298
\lineht@=\dimen299
\@envbody=\toks38
\multlinegap=\skip62
\multlinetaggap=\skip63
\mathdisplay@stack=\toks39
LaTeX Info: Redefining \[ on input line 2949.
LaTeX Info: Redefining \] on input line 2950.
)
(C:\Users\MCarrilloL\AppData\Roaming\MiKTeX\tex/latex/amscls\amsthm.sty
Package: amsthm 2020/05/29 v2.20.6
\thm@style=\toks40
\thm@bodyfont=\toks41
\thm@headfont=\toks42
\thm@notefont=\toks43
\thm@headpunct=\toks44
\thm@preskip=\skip64
\thm@postskip=\skip65
\thm@headsep=\skip66
\dth@everypar=\toks45
)
\c@theorem=\count357
)
(C:\Users\MCarrilloL\AppData\Roaming\MiKTeX\tex/latex/beamer\beamerbasethemes.s
ty))
(C:\Users\MCarrilloL\AppData\Roaming\MiKTeX\tex/latex/beamer\beamerthemedefault
.sty
(C:\Users\MCarrilloL\AppData\Roaming\MiKTeX\tex/latex/beamer\beamerfontthemedef
ault.sty)
(C:\Users\MCarrilloL\AppData\Roaming\MiKTeX\tex/latex/beamer\beamercolorthemede
fault.sty)
(C:\Users\MCarrilloL\AppData\Roaming\MiKTeX\tex/latex/beamer\beamerinnerthemede
fault.sty
\beamer@dima=\dimen300
\beamer@dimb=\dimen301
)
(C:\Users\MCarrilloL\AppData\Roaming\MiKTeX\tex/latex/beamer\beamerouterthemede
fault.sty))) (C:\Program Files\MiKTeX\tex/latex/base\inputenc.sty
Package: inputenc 2024/02/08 v1.3d Input encoding file
\inpenc@prehook=\toks46
\inpenc@posthook=\toks47
)
(C:\Program Files\MiKTeX\tex/generic/babel\babel.sty
Package: babel 2025/08/03 v25.12 The multilingual framework for LuaLaTeX, pdfLa
TeX and XeLaTeX
\babel@savecnt=\count358
LaTeX Encoding Info:    Redeclaring text command \ij (encoding OT1) on input li
ne 2045.
LaTeX Encoding Info:    Redeclaring text command \IJ (encoding OT1) on input li
ne 2047.
LaTeX Encoding Info:    Redeclaring text command \ij (encoding T1) on input lin
e 2049.
LaTeX Encoding Info:    Redeclaring text command \IJ (encoding T1) on input lin
e 2050.
LaTeX Encoding Info:    Ignoring declaration for text command \ij (encoding ?) 
on input line 2051.
LaTeX Encoding Info:    Ignoring declaration for text command \IJ (encoding ?) 
on input line 2053.
LaTeX Encoding Info:    Ignoring declaration for text command \SS (encoding ?) 
on input line 2078.
\U@D=\dimen302
\l@unhyphenated=\language79

(C:\Program Files\MiKTeX\tex/generic/babel\txtbabel.def)
\bbl@readstream=\read3
LaTeX Info: Redefining \textlatin on input line 3930.
\bbl@dirlevel=\count359

*************************************
* Local config file bblopts.cfg used
*
(C:\Program Files\MiKTeX\tex/latex/arabi\bblopts.cfg
File: bblopts.cfg 2005/09/08 v0.1 add Arabic and Farsi to "declared" options of
 babel
)
(C:\Users\MCarrilloL\AppData\Roaming\MiKTeX\tex/latex/babel-spanish\spanish.ldf
Language: spanish.ldf 2021/05/27 v5.0q Spanish support from the babel system
(C:\Program Files\MiKTeX\tex/generic/babel/locale/es\babel-spanish.tex
Package babel Info: Importing font and identification data for spanish
(babel)             from babel-es.ini. Reported on input line 12.
)
\es@quottoks=\toks48
\es@quotdepth=\count360
Package babel Info: Making " an active character on input line 570.
))
LaTeX Encoding Info:    Redeclaring text command \guillemotleft (encoding OT1) 
on input line 5.
LaTeX Encoding Info:    Redeclaring text command \guillemotright (encoding OT1)
 on input line 5.

(C:\Program Files\MiKTeX\tex/latex/tcolorbox\tcolorbox.sty
Package: tcolorbox 2025/07/08 version 6.7.1 text color boxes

(C:\Program Files\MiKTeX\tex/latex/pgf/frontendlayer\tikz.sty
(C:\Program Files\MiKTeX\tex/latex/pgf/basiclayer\pgf.sty
Package: pgf 2023-01-15 v3.1.10 (3.1.10)

(C:\Program Files\MiKTeX\tex/generic/pgf/modules\pgfmoduleshapes.code.tex
File: pgfmoduleshapes.code.tex 2023-01-15 v3.1.10 (3.1.10)
\pgfnodeparttextbox=\box78
)
(C:\Program Files\MiKTeX\tex/generic/pgf/modules\pgfmoduleplot.code.tex
File: pgfmoduleplot.code.tex 2023-01-15 v3.1.10 (3.1.10)
)
(C:\Program Files\MiKTeX\tex/latex/pgf/compatibility\pgfcomp-version-0-65.sty
Package: pgfcomp-version-0-65 2023-01-15 v3.1.10 (3.1.10)
\pgf@nodesepstart=\dimen303
\pgf@nodesepend=\dimen304
)
(C:\Program Files\MiKTeX\tex/latex/pgf/compatibility\pgfcomp-version-1-18.sty
Package: pgfcomp-version-1-18 2023-01-15 v3.1.10 (3.1.10)
)) (C:\Program Files\MiKTeX\tex/latex/pgf/utilities\pgffor.sty
(C:\Program Files\MiKTeX\tex/generic/pgf/utilities\pgffor.code.tex
Package: pgffor 2023-01-15 v3.1.10 (3.1.10)
\pgffor@iter=\dimen305
\pgffor@skip=\dimen306
\pgffor@stack=\toks49
\pgffor@toks=\toks50
))
(C:\Program Files\MiKTeX\tex/generic/pgf/frontendlayer/tikz\tikz.code.tex
Package: tikz 2023-01-15 v3.1.10 (3.1.10)

(C:\Program Files\MiKTeX\tex/generic/pgf/libraries\pgflibraryplothandlers.code.
tex
File: pgflibraryplothandlers.code.tex 2023-01-15 v3.1.10 (3.1.10)
\pgf@plot@mark@count=\count361
\pgfplotmarksize=\dimen307
)
\tikz@lastx=\dimen308
\tikz@lasty=\dimen309
\tikz@lastxsaved=\dimen310
\tikz@lastysaved=\dimen311
\tikz@lastmovetox=\dimen312
\tikz@lastmovetoy=\dimen313
\tikzleveldistance=\dimen314
\tikzsiblingdistance=\dimen315
\tikz@figbox=\box79
\tikz@figbox@bg=\box80
\tikz@tempbox=\box81
\tikz@tempbox@bg=\box82
\tikztreelevel=\count362
\tikznumberofchildren=\count363
\tikznumberofcurrentchild=\count364
\tikz@fig@count=\count365
 (C:\Program Files\MiKTeX\tex/generic/pgf/modules\pgfmodulematrix.code.tex
File: pgfmodulematrix.code.tex 2023-01-15 v3.1.10 (3.1.10)
\pgfmatrixcurrentrow=\count366
\pgfmatrixcurrentcolumn=\count367
\pgf@matrix@numberofcolumns=\count368
)
\tikz@expandcount=\count369

(C:\Program Files\MiKTeX\tex/generic/pgf/frontendlayer/tikz/libraries\tikzlibra
rytopaths.code.tex
File: tikzlibrarytopaths.code.tex 2023-01-15 v3.1.10 (3.1.10)
))) (C:\Program Files\MiKTeX\tex/latex/tools\verbatim.sty
Package: verbatim 2024-01-22 v1.5x LaTeX2e package for verbatim enhancements
\every@verbatim=\toks51
\verbatim@line=\toks52
\verbatim@in@stream=\read4
)
(C:\Program Files\MiKTeX\tex/latex/environ\environ.sty
Package: environ 2014/05/04 v0.3 A new way to define environments

(C:\Program Files\MiKTeX\tex/latex/trimspaces\trimspaces.sty
Package: trimspaces 2009/09/17 v1.1 Trim spaces around a token list
))
\tcb@titlebox=\box83
\tcb@upperbox=\box84
\tcb@lowerbox=\box85
\tcb@phantombox=\box86
\c@tcbbreakpart=\count370
\c@tcblayer=\count371
\c@tcolorbox@number=\count372
\l__tcobox_tmpa_box=\box87
\l__tcobox_tmpa_dim=\dimen316
\tcb@temp=\box88
\tcb@temp=\box89
\tcb@temp=\box90
\tcb@temp=\box91
)
(C:\Users\MCarrilloL\AppData\Roaming\MiKTeX\tex/latex/float\float.sty
Package: float 2001/11/08 v1.3d Float enhancements (AL)
\c@float@type=\count373
\float@exts=\toks53
\float@box=\box92
\@float@everytoks=\toks54
\@floatcapt=\box93
)
(C:\Users\MCarrilloL\AppData\Roaming\MiKTeX\tex/latex/animate\animate.sty
Package: animate 2024/10/14 PDF & SVG animations from files and inline graphics


(C:\Program Files\MiKTeX\tex/latex/base\ifthen.sty
Package: ifthen 2024/03/16 v1.1e Standard LaTeX ifthen package (DPC)
)
(C:\Program Files\MiKTeX\tex/latex/oberdiek\ifdraft.sty
Package: ifdraft 2016/05/16 v1.4 Detect class options draft and final (HO)
)
(C:\Program Files\MiKTeX\tex/latex/tools\calc.sty
Package: calc 2025/03/01 v4.3b Infix arithmetic (KKT,FJ)
\calc@Acount=\count374
\calc@Bcount=\count375
\calc@Adimen=\dimen317
\calc@Bdimen=\dimen318
\calc@Askip=\skip67
\calc@Bskip=\skip68
LaTeX Info: Redefining \setlength on input line 86.
LaTeX Info: Redefining \addtolength on input line 87.
\calc@Ccount=\count376
\calc@Cskip=\skip69
)
(C:\Users\MCarrilloL\AppData\Roaming\MiKTeX\tex/latex/media9\pdfbase.sty
Package: pdfbase 2024/09/16 v0.59 driver independent access to low-level PDF fe
atures

(C:\Program Files\MiKTeX\tex/latex/l3backend\l3backend-pdftex.def
File: l3backend-pdftex.def 2025-06-09 L3 backend support: PDF output (pdfTeX)
\l__color_backend_stack_int=\count377
)
\g_pbs_page_int=\count378
\g_pbs_oc_int=\count379
)
(C:\Users\MCarrilloL\AppData\Roaming\MiKTeX\tex/latex/zref\zref-abspage.sty
Package: zref-abspage 2025-06-08 v2.36 Module abspage for zref (HO)

(C:\Users\MCarrilloL\AppData\Roaming\MiKTeX\tex/latex/zref\zref-base.sty
Package: zref-base 2025-06-08 v2.36 Module base for zref (HO)

(C:\Users\MCarrilloL\AppData\Roaming\MiKTeX\tex/generic/etexcmds\etexcmds.sty
Package: etexcmds 2019/12/15 v1.7 Avoid name clashes with e-TeX commands (HO)
)
(C:\Users\MCarrilloL\AppData\Roaming\MiKTeX\tex/latex/auxhook\auxhook.sty
Package: auxhook 2019-12-17 v1.6 Hooks for auxiliary files (HO)
)
Package zref Info: New property list: main on input line 767.
Package zref Info: New property: default on input line 768.
Package zref Info: New property: page on input line 769.
)
\c@abspage=\count380
Package zref Info: New property: abspage on input line 67.
)
(C:\Users\MCarrilloL\AppData\Roaming\MiKTeX\tex/latex/ocgx2\ocgbase.sty
Package: ocgbase 2024/09/15 v0.24 support package for ocgx2.sty
)
\@anim@box=\box94
\@anim@measbox=\box95
\@anim@tmpdima=\dimen319
\@anim@tmpdimb=\dimen320
\@anim@num=\count381
\@anim@curframe=\count382
\@anim@curframe@zb=\count383
\@anim@resizeflags=\count384
\@anim@skipfram=\count385
\@anim@mulframecnt=\count386
\@anim@@tmlnfile=\read5
\@anim@tmpcnt=\count387
\c@@anim@ltxcnt=\count388
\@anim@curlayer=\count389
\@anim@lineno=\count390
\@anim@curfield=\count391
\@anim@@resizeflags=\count392
)
(C:\Users\MCarrilloL\AppData\Roaming\MiKTeX\tex/latex/caption\subcaption.sty
Package: subcaption 2023/07/28 v1.6b Sub-captions (AR)

(C:\Users\MCarrilloL\AppData\Roaming\MiKTeX\tex/latex/caption\caption.sty
Package: caption 2023/08/05 v3.6o Customizing captions (AR)

(C:\Users\MCarrilloL\AppData\Roaming\MiKTeX\tex/latex/caption\caption3.sty
Package: caption3 2023/07/31 v2.4d caption3 kernel (AR)
\caption@tempdima=\dimen321
\captionmargin=\dimen322
\caption@leftmargin=\dimen323
\caption@rightmargin=\dimen324
\caption@width=\dimen325
\caption@indent=\dimen326
\caption@parindent=\dimen327
\caption@hangindent=\dimen328
Package caption Info: beamer document class detected.

(C:\Users\MCarrilloL\AppData\Roaming\MiKTeX\tex/latex/caption\caption-beamer.st
o
File: caption-beamer.sto 2022/01/06 v2.0c Adaption of the caption package to th
e beamer document classes (AR)
))
\c@caption@flags=\count393
\c@continuedfloat=\count394
Package caption Info: float package is loaded.
Package caption Info: hyperref package is loaded.
Package caption Info: Hyperref support is turned off
(caption)             because hyperref has stopped early.
)
Package caption Info: New subtype `subfigure' on input line 238.
\c@subfigure=\count395
Package caption Info: New subtype `subtable' on input line 238.
\c@subtable=\count396
) (C:\Program Files\MiKTeX\tex/latex/tools\multicol.sty
Package: multicol 2025/05/25 v2.0a multicolumn formatting (FMi)
\c@tracingmulticols=\count397
\mult@box=\box96
\multicol@leftmargin=\dimen329
\c@unbalance=\count398
\c@collectmore=\count399
\doublecol@number=\count400
\multicoltolerance=\count401
\multicolpretolerance=\count402
\full@width=\dimen330
\page@free=\dimen331
\premulticols=\dimen332
\postmulticols=\dimen333
\multicolsep=\skip70
\multicolbaselineskip=\skip71
\partial@page=\box97
\last@line=\box98
\mc@boxedresult=\box99
\maxbalancingoverflow=\dimen334
\mult@rightbox=\box100
\mult@grightbox=\box101
\mult@firstbox=\box102
\mult@gfirstbox=\box103
\@tempa=\box104
\@tempa=\box105
\@tempa=\box106
\@tempa=\box107
\@tempa=\box108
\@tempa=\box109
\@tempa=\box110
\@tempa=\box111
\@tempa=\box112
\@tempa=\box113
\@tempa=\box114
\@tempa=\box115
\@tempa=\box116
\@tempa=\box117
\@tempa=\box118
\@tempa=\box119
\@tempa=\box120
\@tempa=\box121
\@tempa=\box122
\@tempa=\box123
\@tempa=\box124
\@tempa=\box125
\@tempa=\box126
\@tempa=\box127
\@tempa=\box128
\@tempa=\box129
\@tempa=\box130
\@tempa=\box131
\@tempa=\box132
\@tempa=\box133
\@tempa=\box134
\@tempa=\box135
\@tempa=\box136
\@tempa=\box137
\@tempa=\box138
\@tempa=\box139
\c@minrows=\count403
\c@columnbadness=\count404
\c@finalcolumnbadness=\count405
\last@try=\dimen335
\multicolovershoot=\dimen336
\multicolundershoot=\dimen337
\mult@nat@firstbox=\box140
\colbreak@box=\box141
\mc@col@check@num=\count406
\g__mc_curr_col_int=\count407
)
(C:\Program Files\MiKTeX\tex/latex/listings\listings.sty
\lst@mode=\count408
\lst@gtempboxa=\box142
\lst@token=\toks55
\lst@length=\count409
\lst@currlwidth=\dimen338
\lst@column=\count410
\lst@pos=\count411
\lst@lostspace=\dimen339
\lst@width=\dimen340
\lst@newlines=\count412
\lst@lineno=\count413
\lst@maxwidth=\dimen341

(C:\Program Files\MiKTeX\tex/latex/listings\lstpatch.sty
File: lstpatch.sty 2024/09/23 1.10c (Carsten Heinz)
)
(C:\Program Files\MiKTeX\tex/latex/listings\lstmisc.sty
File: lstmisc.sty 2024/09/23 1.10c (Carsten Heinz)
\c@lstnumber=\count414
\lst@skipnumbers=\count415
\lst@framebox=\box143
)
(C:\Program Files\MiKTeX\tex/latex/listings\listings.cfg
File: listings.cfg 2024/09/23 1.10c listings configuration
))
Package: listings 2024/09/23 1.10c (Carsten Heinz)

(C:\Program Files\MiKTeX\tex/latex/ragged2e\ragged2e.sty
Package: ragged2e 2023/06/22 v3.6 ragged2e Package
\CenteringLeftskip=\skip72
\RaggedLeftLeftskip=\skip73
\RaggedRightLeftskip=\skip74
\CenteringRightskip=\skip75
\RaggedLeftRightskip=\skip76
\RaggedRightRightskip=\skip77
\CenteringParfillskip=\skip78
\RaggedLeftParfillskip=\skip79
\RaggedRightParfillskip=\skip80
\JustifyingParfillskip=\skip81
\CenteringParindent=\skip82
\RaggedLeftParindent=\skip83
\RaggedRightParindent=\skip84
\JustifyingParindent=\skip85
)
Package hyperref Info: Option `colorlinks' set `true' on input line 41.

(C:\Users\MCarrilloL\AppData\Roaming\MiKTeX\tex/generic/xypic\xy.sty
(C:\Users\MCarrilloL\AppData\Roaming\MiKTeX\tex/generic/xypic\xy.tex
Bootstrap'ing: catcodes, docmode,
(C:\Users\MCarrilloL\AppData\Roaming\MiKTeX\tex/generic/xypic\xyrecat.tex)
(C:\Users\MCarrilloL\AppData\Roaming\MiKTeX\tex/generic/xypic\xyidioms.tex)

 Xy-pic version 3.8.9 <2013/10/06>
 Copyright (c) 1991-2013 by Kristoffer H. Rose <krisrose@tug.org> and others
 Xy-pic is free software: see the User's Guide for details.

Loading kernel: messages; fonts; allocations: state,
\X@c=\dimen342
\Y@c=\dimen343
\U@c=\dimen344
\D@c=\dimen345
\L@c=\dimen346
\R@c=\dimen347
\Edge@c=\toks56
\X@p=\dimen348
\Y@p=\dimen349
\U@p=\dimen350
\D@p=\dimen351
\L@p=\dimen352
\R@p=\dimen353
\Edge@p=\toks57
\X@origin=\dimen354
\Y@origin=\dimen355
\X@xbase=\dimen356
\Y@xbase=\dimen357
\X@ybase=\dimen358
\Y@ybase=\dimen359
\X@min=\dimen360
\Y@min=\dimen361
\X@max=\dimen362
\Y@max=\dimen363
\lastobjectbox@=\box144
\zerodotbox@=\box145
\almostz@=\dimen364
 direction,
\d@X=\dimen365
\d@Y=\dimen366
\K@=\count416
\KK@=\count417
\Direction=\count418
\K@dXdY=\dimen367
\K@dYdX=\dimen368
\xyread@=\read6
\xywrite@=\write5
\csp@=\count419
\quotPTK@=\dimen369

utility macros; pictures: \xy, positions,
\swaptoks@@=\toks58
\connectobjectbox@@=\box146
 objects,
\styletoks@=\toks59
 decorations;
kernel objects: directionals, circles, text; options; algorithms: directions,
edges, connections;  Xy-pic loaded)
(C:\Program Files\MiKTeX\tex/generic/iftex\ifpdf.sty
Package: ifpdf 2019/10/25 v3.4 ifpdf legacy package. Use iftex instead.
)
Package: xy 2013/10/06 Xy-pic version 3.8.9

(C:\Users\MCarrilloL\AppData\Roaming\MiKTeX\tex/generic/xypic\xyall.tex
 Xy-pic option: All features v.3.8
(C:\Users\MCarrilloL\AppData\Roaming\MiKTeX\tex/generic/xypic\xycurve.tex
 Xy-pic option: Curve and Spline extension v.3.12 curve,
\crv@cnt@=\count420
\crvpts@=\toks60
\splinebox@=\box147
\splineval@=\dimen370
\splinedepth@=\dimen371
\splinetol@=\dimen372
\splinelength@=\dimen373
 circles,
\L@=\dimen374
 loaded)
(C:\Users\MCarrilloL\AppData\Roaming\MiKTeX\tex/generic/xypic\xyframe.tex
 Xy-pic option: Frame and Bracket extension v.3.14 loaded)
(C:\Users\MCarrilloL\AppData\Roaming\MiKTeX\tex/generic/xypic\xycmtip.tex
 Xy-pic option: Computer Modern tip extension v.3.7
(C:\Users\MCarrilloL\AppData\Roaming\MiKTeX\tex/generic/xypic\xytips.tex
 Xy-pic option: More Tips extension v.3.11 loaded) loaded)
(C:\Users\MCarrilloL\AppData\Roaming\MiKTeX\tex/generic/xypic\xyline.tex
 Xy-pic option: Line styles extension v.3.10
\xylinethick@=\dimen375
 loaded)
(C:\Users\MCarrilloL\AppData\Roaming\MiKTeX\tex/generic/xypic\xyrotate.tex
 Xy-pic option: Rotate and Scale extension v.3.8 loaded)
(C:\Users\MCarrilloL\AppData\Roaming\MiKTeX\tex/generic/xypic\xycolor.tex
 Xy-pic option: Colour extension v.3.11 loaded)
(C:\Users\MCarrilloL\AppData\Roaming\MiKTeX\tex/generic/xypic\xymatrix.tex
 Xy-pic option: Matrix feature v.3.14
\Row=\count421
\Col=\count422
\queue@=\toks61
\queue@@=\toks62
\qcount@=\count423
\qcount@@=\count424
\matrixsize@=\count425
 loaded)
(C:\Users\MCarrilloL\AppData\Roaming\MiKTeX\tex/generic/xypic\xyarrow.tex
 Xy-pic option: Arrow and Path feature v.3.9 path, \ar, loaded)
(C:\Users\MCarrilloL\AppData\Roaming\MiKTeX\tex/generic/xypic\xygraph.tex
 Xy-pic option: Graph feature v.3.11 loaded) loaded)
(C:\Users\MCarrilloL\AppData\Roaming\MiKTeX\tex/generic/xypic\xypdf.tex
 Xy-pic option: PDF driver v.1.7 Xy-pic pdf driver: `color' extension support
(C:\Users\MCarrilloL\AppData\Roaming\MiKTeX\tex/generic/xypic\xypdf-co.tex
loaded) Xy-pic pdf driver: `curve' extension support
(C:\Users\MCarrilloL\AppData\Roaming\MiKTeX\tex/generic/xypic\xypdf-cu.tex
loaded) Xy-pic pdf driver: `frame' extension support
(C:\Users\MCarrilloL\AppData\Roaming\MiKTeX\tex/generic/xypic\xypdf-fr.tex
loaded) Xy-pic pdf driver: `line' extension support
(C:\Users\MCarrilloL\AppData\Roaming\MiKTeX\tex/generic/xypic\xypdf-li.tex
loaded) Xy-pic pdf driver: `rotate' extension support
(C:\Users\MCarrilloL\AppData\Roaming\MiKTeX\tex/generic/xypic\xypdf-ro.tex
loaded) loaded))
(C:\Users\MCarrilloL\AppData\Roaming\MiKTeX\tex/latex/beamer\beamerthemeWarsaw.
sty
(C:\Users\MCarrilloL\AppData\Roaming\MiKTeX\tex/latex/beamer\beamerinnerthemero
unded.sty)
(C:\Users\MCarrilloL\AppData\Roaming\MiKTeX\tex/latex/beamer\beamerouterthemesh
adow.sty
(C:\Users\MCarrilloL\AppData\Roaming\MiKTeX\tex/latex/beamer\beamerouterthemesp
lit.sty))
(C:\Users\MCarrilloL\AppData\Roaming\MiKTeX\tex/latex/beamer\beamercolorthemeor
chid.sty)
(C:\Users\MCarrilloL\AppData\Roaming\MiKTeX\tex/latex/beamer\beamercolorthemewh
ale.sty))
(C:\Users\MCarrilloL\AppData\Roaming\MiKTeX\tex/latex/beamer\beamercolorthemese
ahorse.sty)
(C:\Users\MCarrilloL\AppData\Roaming\MiKTeX\tex/latex/transparent\transparent.s
ty
Package: transparent 2025-06-23 v1.6 Transparency with color stacks

(C:\Users\MCarrilloL\AppData\Roaming\MiKTeX\tex/latex/transparent\transparent-n
ometadata.sty
Package: transparent-nometadata 2025-06-23 v1.6 Transparency via pdfTeX's color
 stack (HO)
))
(C:\Users\MCarrilloL\AppData\Roaming\MiKTeX\tex/latex/eso-pic\eso-pic.sty
Package: eso-pic 2023/05/03 v3.0c eso-pic (RN)
\ESO@tempdima=\dimen376
\ESO@tempdimb=\dimen377
)
(Latex_TerceraParte.aux
LaTeX Info: Redefining \. on input line 14.
LaTeX Info: Redefining \% on input line 14.
Package babel Info: 'spanish' activates 'spanish' shorthands.
(babel)             Reported on input line 14.


LaTeX Warning: Label `ec:Pitagoras' multiply defined.


LaTeX Warning: Label `tab:my_label' multiply defined.


LaTeX Warning: Label `tab:my_label' multiply defined.

)
\openout1 = `Latex_TerceraParte.aux'.

LaTeX Font Info:    Checking defaults for OML/cmm/m/it on input line 85.
LaTeX Font Info:    ... okay on input line 85.
LaTeX Font Info:    Checking defaults for OMS/cmsy/m/n on input line 85.
LaTeX Font Info:    ... okay on input line 85.
LaTeX Font Info:    Checking defaults for OT1/cmr/m/n on input line 85.
LaTeX Font Info:    ... okay on input line 85.
LaTeX Font Info:    Checking defaults for T1/cmr/m/n on input line 85.
LaTeX Font Info:    ... okay on input line 85.
LaTeX Font Info:    Checking defaults for TS1/cmr/m/n on input line 85.
LaTeX Font Info:    ... okay on input line 85.
LaTeX Font Info:    Checking defaults for OMX/cmex/m/n on input line 85.
LaTeX Font Info:    ... okay on input line 85.
LaTeX Font Info:    Checking defaults for U/cmr/m/n on input line 85.
LaTeX Font Info:    ... okay on input line 85.
LaTeX Font Info:    Checking defaults for PD1/pdf/m/n on input line 85.
LaTeX Font Info:    ... okay on input line 85.
LaTeX Font Info:    Checking defaults for PU/pdf/m/n on input line 85.
LaTeX Font Info:    ... okay on input line 85.

*geometry* driver: auto-detecting
*geometry* detected driver: pdftex
*geometry* verbose mode - [ preamble ] result:
* driver: pdftex
* paper: custom
* layout: <same size as paper>
* layoutoffset:(h,v)=(0.0pt,0.0pt)
* modes: includehead includefoot 
* h-part:(L,W,R)=(28.45274pt, 398.3386pt, 28.45274pt)
* v-part:(T,H,B)=(0.0pt, 256.0748pt, 0.0pt)
* \paperwidth=455.24408pt
* \paperheight=256.0748pt
* \textwidth=398.3386pt
* \textheight=227.62207pt
* \oddsidemargin=-43.81725pt
* \evensidemargin=-43.81725pt
* \topmargin=-72.26999pt
* \headheight=14.22636pt
* \headsep=0.0pt
* \topskip=10.0pt
* \footskip=14.22636pt
* \marginparwidth=3.0pt
* \marginparsep=11.0pt
* \columnsep=10.0pt
* \skip\footins=9.0pt plus 4.0pt minus 2.0pt
* \hoffset=0.0pt
* \voffset=0.0pt
* \mag=1000
* \@twocolumnfalse
* \@twosidefalse
* \@mparswitchfalse
* \@reversemarginfalse
* (1in=72.27pt=25.4mm, 1cm=28.453pt)

(C:\Program Files\MiKTeX\tex/context/base/mkii\supp-pdf.mkii
[Loading MPS to PDF converter (version 2006.09.02).]
\scratchcounter=\count426
\scratchdimen=\dimen378
\scratchbox=\box148
\nofMPsegments=\count427
\nofMParguments=\count428
\everyMPshowfont=\toks63
\MPscratchCnt=\count429
\MPscratchDim=\dimen379
\MPnumerator=\count430
\makeMPintoPDFobject=\count431
\everyMPtoPDFconversion=\toks64
) (C:\Program Files\MiKTeX\tex/latex/epstopdf-pkg\epstopdf-base.sty
Package: epstopdf-base 2020-01-24 v2.11 Base part for package epstopdf
Package epstopdf-base Info: Redefining graphics rule for `.eps' on input line 4
85.

(C:\Program Files\MiKTeX\tex/latex/00miktex\epstopdf-sys.cfg
File: epstopdf-sys.cfg 2021/03/18 v2.0 Configuration of epstopdf for MiKTeX
))
Package hyperref Info: Link coloring ON on input line 85.

(Latex_TerceraParte.out) (Latex_TerceraParte.out)
\@outlinefile=\write6
\openout6 = `Latex_TerceraParte.out'.

LaTeX Font Info:    Overwriting symbol font `operators' in version `normal'
(Font)                  OT1/cmr/m/n --> OT1/cmss/m/n on input line 85.
LaTeX Font Info:    Overwriting symbol font `operators' in version `bold'
(Font)                  OT1/cmr/bx/n --> OT1/cmss/b/n on input line 85.
\symnumbers=\mathgroup6
\sympureletters=\mathgroup7
LaTeX Font Info:    Overwriting math alphabet `\mathrm' in version `normal'
(Font)                  OT1/cmss/m/n --> OT1/cmr/m/n on input line 85.
LaTeX Font Info:    Redeclaring math alphabet \mathbf on input line 85.
LaTeX Font Info:    Overwriting math alphabet `\mathbf' in version `normal'
(Font)                  OT1/cmr/bx/n --> OT1/cmss/b/n on input line 85.
LaTeX Font Info:    Overwriting math alphabet `\mathbf' in version `bold'
(Font)                  OT1/cmr/bx/n --> OT1/cmss/b/n on input line 85.
LaTeX Font Info:    Redeclaring math alphabet \mathsf on input line 85.
LaTeX Font Info:    Overwriting math alphabet `\mathsf' in version `normal'
(Font)                  OT1/cmss/m/n --> OT1/cmss/m/n on input line 85.
LaTeX Font Info:    Overwriting math alphabet `\mathsf' in version `bold'
(Font)                  OT1/cmss/bx/n --> OT1/cmss/m/n on input line 85.
LaTeX Font Info:    Redeclaring math alphabet \mathit on input line 85.
LaTeX Font Info:    Overwriting math alphabet `\mathit' in version `normal'
(Font)                  OT1/cmr/m/it --> OT1/cmss/m/it on input line 85.
LaTeX Font Info:    Overwriting math alphabet `\mathit' in version `bold'
(Font)                  OT1/cmr/bx/it --> OT1/cmss/m/it on input line 85.
LaTeX Font Info:    Redeclaring math alphabet \mathtt on input line 85.
LaTeX Font Info:    Overwriting math alphabet `\mathtt' in version `normal'
(Font)                  OT1/cmtt/m/n --> OT1/cmtt/m/n on input line 85.
LaTeX Font Info:    Overwriting math alphabet `\mathtt' in version `bold'
(Font)                  OT1/cmtt/m/n --> OT1/cmtt/m/n on input line 85.
LaTeX Font Info:    Overwriting symbol font `numbers' in version `bold'
(Font)                  OT1/cmss/m/n --> OT1/cmss/b/n on input line 85.
LaTeX Font Info:    Overwriting symbol font `pureletters' in version `bold'
(Font)                  OT1/cmss/m/it --> OT1/cmss/b/it on input line 85.
LaTeX Font Info:    Overwriting math alphabet `\mathrm' in version `bold'
(Font)                  OT1/cmss/b/n --> OT1/cmr/b/n on input line 85.
LaTeX Font Info:    Overwriting math alphabet `\mathbf' in version `bold'
(Font)                  OT1/cmss/b/n --> OT1/cmss/b/n on input line 85.
LaTeX Font Info:    Overwriting math alphabet `\mathsf' in version `bold'
(Font)                  OT1/cmss/m/n --> OT1/cmss/b/n on input line 85.
LaTeX Font Info:    Overwriting math alphabet `\mathit' in version `bold'
(Font)                  OT1/cmss/m/it --> OT1/cmss/b/it on input line 85.
LaTeX Font Info:    Overwriting math alphabet `\mathtt' in version `bold'
(Font)                  OT1/cmtt/m/n --> OT1/cmtt/b/n on input line 85.
LaTeX Font Info:    Redeclaring symbol font `pureletters' on input line 85.
LaTeX Font Info:    Overwriting symbol font `pureletters' in version `normal'
(Font)                  OT1/cmss/m/it --> OT1/mathkerncmss/m/sl on input line 8
5.
LaTeX Font Info:    Overwriting symbol font `pureletters' in version `bold'
(Font)                  OT1/cmss/b/it --> OT1/mathkerncmss/m/sl on input line 8
5.
LaTeX Font Info:    Overwriting symbol font `pureletters' in version `bold'
(Font)                  OT1/mathkerncmss/m/sl --> OT1/mathkerncmss/bx/sl on inp
ut line 85.

(C:\Users\MCarrilloL\AppData\Roaming\MiKTeX\tex/latex/translator\translator-bas
ic-dictionary-English.dict
Dictionary: translator-basic-dictionary, Language: English 
)
(C:\Users\MCarrilloL\AppData\Roaming\MiKTeX\tex/latex/translator\translator-bib
liography-dictionary-English.dict
Dictionary: translator-bibliography-dictionary, Language: English 
)
(C:\Users\MCarrilloL\AppData\Roaming\MiKTeX\tex/latex/translator\translator-env
ironment-dictionary-English.dict
Dictionary: translator-environment-dictionary, Language: English 
)
(C:\Users\MCarrilloL\AppData\Roaming\MiKTeX\tex/latex/translator\translator-mon
ths-dictionary-English.dict
Dictionary: translator-months-dictionary, Language: English 
)
(C:\Users\MCarrilloL\AppData\Roaming\MiKTeX\tex/latex/translator\translator-num
bers-dictionary-English.dict
Dictionary: translator-numbers-dictionary, Language: English 
)
(C:\Users\MCarrilloL\AppData\Roaming\MiKTeX\tex/latex/translator\translator-the
orem-dictionary-English.dict
Dictionary: translator-theorem-dictionary, Language: English 
)
LaTeX Info: Redefining \. on input line 85.
LaTeX Info: Redefining \% on input line 85.
Package caption Info: Begin \AtBeginDocument code.
Package caption Info: listings package is loaded.
Package caption Info: End \AtBeginDocument code.
\c@lstlisting=\count432
LaTeX Font Info:    Trying to load font information for U+msa on input line 85.


(C:\Program Files\MiKTeX\tex/latex/amsfonts\umsa.fd
File: umsa.fd 2013/01/14 v3.01 AMS symbols A
)
LaTeX Font Info:    Trying to load font information for U+msb on input line 85.


(C:\Program Files\MiKTeX\tex/latex/amsfonts\umsb.fd
File: umsb.fd 2013/01/14 v3.01 AMS symbols B
)
LaTeX Font Info:    Trying to load font information for OT1+mathkerncmss on inp
ut line 85.

(C:\Users\MCarrilloL\AppData\Roaming\MiKTeX\tex/latex/sansmathaccent\ot1mathker
ncmss.fd
File: ot1mathkerncmss.fd 2020/01/31 Fontinst v1.933 font definitions for OT1/ma
thkerncmss.
)
Package xypdf Info: Line width: 0.39998pt on input line 85.
 (Latex_TerceraParte.nav)

<imagenes/logos_unam_ciencias.png, id=64, 756.426pt x 218.61674pt>
File: imagenes/logos_unam_ciencias.png Graphic file (type png)
<use imagenes/logos_unam_ciencias.png>
Package pdftex.def Info: imagenes/logos_unam_ciencias.png  used on input line 9
8.
(pdftex.def)             Requested size: 423.59567pt x 122.42453pt.
[1{C:/Users/MCarrilloL/AppData/Local/MiKTeX/fonts/map/pdftex/pdftex.map}

 <./imagenes/logos_unam_ciencias.png>] (Latex_TerceraParte.toc
LaTeX Info: Redefining \. on input line 1.
LaTeX Info: Redefining \% on input line 1.
)

File: imagenes/logos_unam_ciencias.png Graphic file (type png)
<use imagenes/logos_unam_ciencias.png>
Package pdftex.def Info: imagenes/logos_unam_ciencias.png  used on input line 1
03.
(pdftex.def)             Requested size: 423.59567pt x 122.42453pt.
[2

]
Overfull \vbox (0.77788pt too high) detected at line 109
 []

\openout4 = `Latex_TerceraParte.vrb'.


Overfull \vbox (0.77788pt too high) detected at line 124
 []

(Latex_TerceraParte.vrb)

File: imagenes/logos_unam_ciencias.png Graphic file (type png)
<use imagenes/logos_unam_ciencias.png>
Package pdftex.def Info: imagenes/logos_unam_ciencias.png  used on input line 1
24.
(pdftex.def)             Requested size: 423.59567pt x 122.42453pt.

Overfull \vbox (0.77788pt too high) has occurred while \output is active []


[3

]
Overfull \vbox (0.77788pt too high) detected at line 149
 []



File: imagenes/logos_unam_ciencias.png Graphic file (type png)
<use imagenes/logos_unam_ciencias.png>
Package pdftex.def Info: imagenes/logos_unam_ciencias.png  used on input line 1
49.
(pdftex.def)             Requested size: 423.59567pt x 122.42453pt.

Overfull \vbox (0.77788pt too high) has occurred while \output is active []


[4

]
Overfull \vbox (0.77788pt too high) detected at line 152
 []

\openout4 = `Latex_TerceraParte.vrb'.


Overfull \vbox (0.77788pt too high) detected at line 174
 []

(Latex_TerceraParte.vrb)

File: imagenes/logos_unam_ciencias.png Graphic file (type png)
<use imagenes/logos_unam_ciencias.png>
Package pdftex.def Info: imagenes/logos_unam_ciencias.png  used on input line 1
74.
(pdftex.def)             Requested size: 423.59567pt x 122.42453pt.

Overfull \vbox (0.77788pt too high) has occurred while \output is active []


[5

]
Overfull \vbox (0.77788pt too high) detected at line 206
 []

\openout4 = `Latex_TerceraParte.vrb'.


Overfull \vbox (0.77788pt too high) detected at line 242
 []

(Latex_TerceraParte.vrb)

File: imagenes/logos_unam_ciencias.png Graphic file (type png)
<use imagenes/logos_unam_ciencias.png>
Package pdftex.def Info: imagenes/logos_unam_ciencias.png  used on input line 2
42.
(pdftex.def)             Requested size: 423.59567pt x 122.42453pt.

Overfull \vbox (0.77788pt too high) has occurred while \output is active []


[6


pdfTeX warning (ext4): destination with the same identifier (name{ec:Pitagoras}
) has been already used, duplicate ignored
<argument> ...shipout:D \box_use:N \l_shipout_box 
                                                  \__shipout_drop_firstpage_...
l.242 \end{frame}
                 ]
Overfull \vbox (0.77788pt too high) detected at line 245
 []

\openout4 = `Latex_TerceraParte.vrb'.


Overfull \vbox (0.77788pt too high) detected at line 273
 []

(Latex_TerceraParte.vrb
LaTeX Font Info:    Font shape `OT1/cmss/b/n' in size <10> not available
(Font)              Font shape `OT1/cmss/bx/n' tried instead on input line 10.
LaTeX Font Info:    Font shape `OT1/cmss/b/n' in size <7> not available
(Font)              Font shape `OT1/cmss/bx/n' tried instead on input line 10.
LaTeX Font Info:    Font shape `OT1/cmss/b/n' in size <5> not available
(Font)              Font shape `OT1/cmss/bx/n' tried instead on input line 10.
)

File: imagenes/logos_unam_ciencias.png Graphic file (type png)
<use imagenes/logos_unam_ciencias.png>
Package pdftex.def Info: imagenes/logos_unam_ciencias.png  used on input line 2
73.
(pdftex.def)             Requested size: 423.59567pt x 122.42453pt.

Overfull \vbox (0.77788pt too high) has occurred while \output is active []


[7

]
Overfull \vbox (0.77788pt too high) detected at line 275
 []

\openout4 = `Latex_TerceraParte.vrb'.


Overfull \vbox (0.77788pt too high) detected at line 294
 []

(Latex_TerceraParte.vrb
Overfull \hbox (17.32562pt too wide) in paragraph at lines 5--16
 [] 
 []


pdfTeX warning (ext4): destination with the same identifier (name{tab:my_label}
) has been already used, duplicate ignored
<to be read again> 
                   \relax 
l.17     \label{tab:my_label}
                             )

File: imagenes/logos_unam_ciencias.png Graphic file (type png)
<use imagenes/logos_unam_ciencias.png>
Package pdftex.def Info: imagenes/logos_unam_ciencias.png  used on input line 2
94.
(pdftex.def)             Requested size: 423.59567pt x 122.42453pt.

Overfull \vbox (0.77788pt too high) has occurred while \output is active []


[8

]
Overfull \vbox (0.77788pt too high) detected at line 298
 []

\openout4 = `Latex_TerceraParte.vrb'.


Overfull \vbox (0.77788pt too high) detected at line 311
 []

(Latex_TerceraParte.vrb
Overfull \hbox (9.43796pt too wide) in paragraph at lines 4--11
 [] 
 []


pdfTeX warning (ext4): destination with the same identifier (name{tab:my_label}
) has been already used, duplicate ignored
<to be read again> 
                   \relax 
l.12         \label{tab:my_label}
                                 )

File: imagenes/logos_unam_ciencias.png Graphic file (type png)
<use imagenes/logos_unam_ciencias.png>
Package pdftex.def Info: imagenes/logos_unam_ciencias.png  used on input line 3
11.
(pdftex.def)             Requested size: 423.59567pt x 122.42453pt.

Overfull \vbox (0.77788pt too high) has occurred while \output is active []


[9

]
Overfull \vbox (0.77788pt too high) detected at line 313
 []

\openout4 = `Latex_TerceraParte.vrb'.


Overfull \vbox (0.77788pt too high) detected at line 326
 []

(Latex_TerceraParte.vrb)

File: imagenes/logos_unam_ciencias.png Graphic file (type png)
<use imagenes/logos_unam_ciencias.png>
Package pdftex.def Info: imagenes/logos_unam_ciencias.png  used on input line 3
26.
(pdftex.def)             Requested size: 423.59567pt x 122.42453pt.

Overfull \vbox (0.77788pt too high) has occurred while \output is active []


[10

]
Overfull \vbox (0.77788pt too high) detected at line 329
 []

\openout4 = `Latex_TerceraParte.vrb'.


Overfull \vbox (0.77788pt too high) detected at line 343
 []

(Latex_TerceraParte.vrb)

File: imagenes/logos_unam_ciencias.png Graphic file (type png)
<use imagenes/logos_unam_ciencias.png>
Package pdftex.def Info: imagenes/logos_unam_ciencias.png  used on input line 3
43.
(pdftex.def)             Requested size: 423.59567pt x 122.42453pt.

Overfull \vbox (0.77788pt too high) has occurred while \output is active []


[11

]
Overfull \vbox (0.77788pt too high) detected at line 344
 []

\openout4 = `Latex_TerceraParte.vrb'.


Overfull \vbox (0.77788pt too high) detected at line 354
 []

(Latex_TerceraParte.vrb)

File: imagenes/logos_unam_ciencias.png Graphic file (type png)
<use imagenes/logos_unam_ciencias.png>
Package pdftex.def Info: imagenes/logos_unam_ciencias.png  used on input line 3
54.
(pdftex.def)             Requested size: 423.59567pt x 122.42453pt.

Overfull \vbox (0.77788pt too high) has occurred while \output is active []


[12

]
Overfull \vbox (0.77788pt too high) detected at line 358
 []

\openout4 = `Latex_TerceraParte.vrb'.


Overfull \vbox (0.77788pt too high) detected at line 372
 []

(Latex_TerceraParte.vrb)

File: imagenes/logos_unam_ciencias.png Graphic file (type png)
<use imagenes/logos_unam_ciencias.png>
Package pdftex.def Info: imagenes/logos_unam_ciencias.png  used on input line 3
72.
(pdftex.def)             Requested size: 423.59567pt x 122.42453pt.

Overfull \vbox (0.77788pt too high) has occurred while \output is active []


[13

]
Overfull \vbox (0.77788pt too high) detected at line 375
 []

\openout4 = `Latex_TerceraParte.vrb'.


Overfull \vbox (0.77788pt too high) detected at line 406
 []

(Latex_TerceraParte.vrb)

File: imagenes/logos_unam_ciencias.png Graphic file (type png)
<use imagenes/logos_unam_ciencias.png>
Package pdftex.def Info: imagenes/logos_unam_ciencias.png  used on input line 4
06.
(pdftex.def)             Requested size: 423.59567pt x 122.42453pt.

Overfull \vbox (0.77788pt too high) has occurred while \output is active []


[14

]
Overfull \vbox (0.77788pt too high) detected at line 409
 []

\openout4 = `Latex_TerceraParte.vrb'.


Overfull \vbox (0.77788pt too high) detected at line 438
 []

(Latex_TerceraParte.vrb)

File: imagenes/logos_unam_ciencias.png Graphic file (type png)
<use imagenes/logos_unam_ciencias.png>
Package pdftex.def Info: imagenes/logos_unam_ciencias.png  used on input line 4
38.
(pdftex.def)             Requested size: 423.59567pt x 122.42453pt.

Overfull \vbox (0.77788pt too high) has occurred while \output is active []


[15

]
Overfull \vbox (0.77788pt too high) detected at line 443
 []

\openout4 = `Latex_TerceraParte.vrb'.


Overfull \vbox (0.77788pt too high) detected at line 459
 []

(Latex_TerceraParte.vrb)

File: imagenes/logos_unam_ciencias.png Graphic file (type png)
<use imagenes/logos_unam_ciencias.png>
Package pdftex.def Info: imagenes/logos_unam_ciencias.png  used on input line 4
59.
(pdftex.def)             Requested size: 423.59567pt x 122.42453pt.

Overfull \vbox (0.77788pt too high) has occurred while \output is active []


[16

]
Overfull \vbox (0.77788pt too high) detected at line 480
 []



File: imagenes/logos_unam_ciencias.png Graphic file (type png)
<use imagenes/logos_unam_ciencias.png>
Package pdftex.def Info: imagenes/logos_unam_ciencias.png  used on input line 4
80.
(pdftex.def)             Requested size: 423.59567pt x 122.42453pt.

Overfull \vbox (0.77788pt too high) has occurred while \output is active []


[17

]
Overfull \vbox (0.77788pt too high) detected at line 484
 []

\openout4 = `Latex_TerceraParte.vrb'.


Overfull \vbox (0.77788pt too high) detected at line 502
 []

(Latex_TerceraParte.vrb)

File: imagenes/logos_unam_ciencias.png Graphic file (type png)
<use imagenes/logos_unam_ciencias.png>
Package pdftex.def Info: imagenes/logos_unam_ciencias.png  used on input line 5
02.
(pdftex.def)             Requested size: 423.59567pt x 122.42453pt.

Overfull \vbox (0.77788pt too high) has occurred while \output is active []


[18

]
Overfull \vbox (0.77788pt too high) detected at line 505
 []

\openout4 = `Latex_TerceraParte.vrb'.


Overfull \vbox (0.77788pt too high) detected at line 526
 []

(Latex_TerceraParte.vrb)

File: imagenes/logos_unam_ciencias.png Graphic file (type png)
<use imagenes/logos_unam_ciencias.png>
Package pdftex.def Info: imagenes/logos_unam_ciencias.png  used on input line 5
26.
(pdftex.def)             Requested size: 423.59567pt x 122.42453pt.

Overfull \vbox (0.77788pt too high) has occurred while \output is active []


[19

]
\openout4 = `Latex_TerceraParte.vrb'.

 (Latex_TerceraParte.vrb)

File: imagenes/logos_unam_ciencias.png Graphic file (type png)
<use imagenes/logos_unam_ciencias.png>
Package pdftex.def Info: imagenes/logos_unam_ciencias.png  used on input line 5
62.
(pdftex.def)             Requested size: 423.59567pt x 122.42453pt.
[20

]
\openout4 = `Latex_TerceraParte.vrb'.

 (Latex_TerceraParte.vrb)

File: imagenes/logos_unam_ciencias.png Graphic file (type png)
<use imagenes/logos_unam_ciencias.png>
Package pdftex.def Info: imagenes/logos_unam_ciencias.png  used on input line 5
78.
(pdftex.def)             Requested size: 423.59567pt x 122.42453pt.
[21

] (Latex_TerceraParte.vrb)

File: imagenes/logos_unam_ciencias.png Graphic file (type png)
<use imagenes/logos_unam_ciencias.png>
Package pdftex.def Info: imagenes/logos_unam_ciencias.png  used on input line 5
78.
(pdftex.def)             Requested size: 423.59567pt x 122.42453pt.
[22

] (Latex_TerceraParte.vrb)

File: imagenes/logos_unam_ciencias.png Graphic file (type png)
<use imagenes/logos_unam_ciencias.png>
Package pdftex.def Info: imagenes/logos_unam_ciencias.png  used on input line 5
78.
(pdftex.def)             Requested size: 423.59567pt x 122.42453pt.
[23

] (Latex_TerceraParte.vrb)

File: imagenes/logos_unam_ciencias.png Graphic file (type png)
<use imagenes/logos_unam_ciencias.png>
Package pdftex.def Info: imagenes/logos_unam_ciencias.png  used on input line 5
78.
(pdftex.def)             Requested size: 423.59567pt x 122.42453pt.
[24

] (Latex_TerceraParte.vrb)

File: imagenes/logos_unam_ciencias.png Graphic file (type png)
<use imagenes/logos_unam_ciencias.png>
Package pdftex.def Info: imagenes/logos_unam_ciencias.png  used on input line 5
78.
(pdftex.def)             Requested size: 423.59567pt x 122.42453pt.
[25

] (Latex_TerceraParte.vrb)

File: imagenes/logos_unam_ciencias.png Graphic file (type png)
<use imagenes/logos_unam_ciencias.png>
Package pdftex.def Info: imagenes/logos_unam_ciencias.png  used on input line 5
78.
(pdftex.def)             Requested size: 423.59567pt x 122.42453pt.
[26

] (Latex_TerceraParte.vrb)

File: imagenes/logos_unam_ciencias.png Graphic file (type png)
<use imagenes/logos_unam_ciencias.png>
Package pdftex.def Info: imagenes/logos_unam_ciencias.png  used on input line 5
78.
(pdftex.def)             Requested size: 423.59567pt x 122.42453pt.
[27

]
\openout4 = `Latex_TerceraParte.vrb'.

 (Latex_TerceraParte.vrb)

File: imagenes/logos_unam_ciencias.png Graphic file (type png)
<use imagenes/logos_unam_ciencias.png>
Package pdftex.def Info: imagenes/logos_unam_ciencias.png  used on input line 5
94.
(pdftex.def)             Requested size: 423.59567pt x 122.42453pt.
[28

] (Latex_TerceraParte.vrb)

File: imagenes/logos_unam_ciencias.png Graphic file (type png)
<use imagenes/logos_unam_ciencias.png>
Package pdftex.def Info: imagenes/logos_unam_ciencias.png  used on input line 5
94.
(pdftex.def)             Requested size: 423.59567pt x 122.42453pt.
[29

] (Latex_TerceraParte.vrb)

File: imagenes/logos_unam_ciencias.png Graphic file (type png)
<use imagenes/logos_unam_ciencias.png>
Package pdftex.def Info: imagenes/logos_unam_ciencias.png  used on input line 5
94.
(pdftex.def)             Requested size: 423.59567pt x 122.42453pt.
[30

] (Latex_TerceraParte.vrb)

File: imagenes/logos_unam_ciencias.png Graphic file (type png)
<use imagenes/logos_unam_ciencias.png>
Package pdftex.def Info: imagenes/logos_unam_ciencias.png  used on input line 5
94.
(pdftex.def)             Requested size: 423.59567pt x 122.42453pt.
[31

] (Latex_TerceraParte.vrb)

File: imagenes/logos_unam_ciencias.png Graphic file (type png)
<use imagenes/logos_unam_ciencias.png>
Package pdftex.def Info: imagenes/logos_unam_ciencias.png  used on input line 5
94.
(pdftex.def)             Requested size: 423.59567pt x 122.42453pt.
[32

] (Latex_TerceraParte.vrb)

File: imagenes/logos_unam_ciencias.png Graphic file (type png)
<use imagenes/logos_unam_ciencias.png>
Package pdftex.def Info: imagenes/logos_unam_ciencias.png  used on input line 5
94.
(pdftex.def)             Requested size: 423.59567pt x 122.42453pt.
[33

]
\openout4 = `Latex_TerceraParte.vrb'.

 (Latex_TerceraParte.vrb)

File: imagenes/logos_unam_ciencias.png Graphic file (type png)
<use imagenes/logos_unam_ciencias.png>
Package pdftex.def Info: imagenes/logos_unam_ciencias.png  used on input line 6
13.
(pdftex.def)             Requested size: 423.59567pt x 122.42453pt.
[34

]
\openout4 = `Latex_TerceraParte.vrb'.

 (Latex_TerceraParte.vrb
<../../../../../Downloads/THC2026-1/codigopython2.png, id=1785, 552.56438pt x 3
09.40594pt>
File: ../../../../../Downloads/THC2026-1/codigopython2.png Graphic file (type p
ng)
<use ../../../../../Downloads/THC2026-1/codigopython2.png>
Package pdftex.def Info: ../../../../../Downloads/THC2026-1/codigopython2.png  
used on input line 5.
(pdftex.def)             Requested size: 290.09221pt x 162.43582pt.
)

File: imagenes/logos_unam_ciencias.png Graphic file (type png)
<use imagenes/logos_unam_ciencias.png>
Package pdftex.def Info: imagenes/logos_unam_ciencias.png  used on input line 6
22.
(pdftex.def)             Requested size: 423.59567pt x 122.42453pt.
[35

 <../../../../../Downloads/THC2026-1/codigopython2.png>]
\tf@nav=\write7
\openout7 = `Latex_TerceraParte.nav'.

\tf@toc=\write8
\openout8 = `Latex_TerceraParte.toc'.

\tf@snm=\write9
\openout9 = `Latex_TerceraParte.snm'.


(Latex_TerceraParte.aux
LaTeX Info: Redefining \. on input line 14.
LaTeX Info: Redefining \% on input line 14.
)
 ***********
LaTeX2e <2025-06-01> patch level 1
L3 programming layer <2025-07-20>
 ***********


LaTeX Warning: There were multiply-defined labels.

Package rerunfilecheck Info: File `Latex_TerceraParte.out' has not changed.
(rerunfilecheck)             Checksum: 7005A364B9CAC4847F45C25B68CC1FB5;1248.
 ) 
Here is how much of TeX's memory you used:
 36197 strings out of 468134
 714194 string characters out of 5440792
 1155263 words of memory out of 5000000
 63972 multiletter control sequences out of 15000+600000
 639047 words of font info for 88 fonts, out of 8000000 for 9000
 1141 hyphenation exceptions out of 8191
 128i,23n,123p,3231b,974s stack positions out of 10000i,1000n,20000p,200000b,200000s
<C:/Program Files/MiKTeX/fonts/type1/public/amsfonts/cm/cmex10.pfb><C:/Progra
m Files/MiKTeX/fonts/type1/public/amsfonts/cm/cmmi10.pfb><C:/Program Files/MiKT
eX/fonts/type1/public/amsfonts/cm/cmmi7.pfb><C:/Program Files/MiKTeX/fonts/type
1/public/amsfonts/cm/cmss10.pfb><C:/Program Files/MiKTeX/fonts/type1/public/ams
fonts/cm/cmss12.pfb><C:/Program Files/MiKTeX/fonts/type1/public/amsfonts/cm/cms
s8.pfb><C:/Program Files/MiKTeX/fonts/type1/public/amsfonts/cm/cmss9.pfb><C:/Pr
ogram Files/MiKTeX/fonts/type1/public/amsfonts/cm/cmssbx10.pfb><C:/Program File
s/MiKTeX/fonts/type1/public/amsfonts/cm/cmssi10.pfb><C:/Program Files/MiKTeX/fo
nts/type1/public/amsfonts/cm/cmssi8.pfb><C:/Program Files/MiKTeX/fonts/type1/pu
blic/amsfonts/cm/cmssi9.pfb><C:/Program Files/MiKTeX/fonts/type1/public/amsfont
s/cm/cmsy10.pfb><C:/Program Files/MiKTeX/fonts/type1/public/amsfonts/cm/cmsy9.p
fb><C:/Program Files/MiKTeX/fonts/type1/public/amsfonts/cm/cmtt10.pfb><C:/Progr
am Files/MiKTeX/fonts/type1/public/amsfonts/cm/cmtt9.pfb>
Output written on Latex_TerceraParte.pdf (35 pages, 997897 bytes).
PDF statistics:
 1899 PDF objects out of 2073 (max. 8388607)
 83 named destinations out of 1000 (max. 500000)
 1153 words of extra memory for PDF output out of 10000 (max. 10000000)

